0 info it worked if it ends with ok
1 verbose cli [ 'c:\\Program Files\\nodejs\\node.exe',
1 verbose cli   'c:\\Program Files\\nodejs\\node_modules\\npm\\bin\\npm-cli.js',
1 verbose cli   'publish' ]
2 info using npm@1.4.3
3 info using node@v0.10.26
4 verbose publish [ '.' ]
5 verbose cache add [ '.', null ]
6 verbose cache add name=undefined spec="." args=[".",null]
7 verbose parsed url { protocol: null,
7 verbose parsed url   slashes: null,
7 verbose parsed url   auth: null,
7 verbose parsed url   host: null,
7 verbose parsed url   port: null,
7 verbose parsed url   hostname: null,
7 verbose parsed url   hash: null,
7 verbose parsed url   search: null,
7 verbose parsed url   query: null,
7 verbose parsed url   pathname: '.',
7 verbose parsed url   path: '.',
7 verbose parsed url   href: '.' }
8 silly lockFile 3a52ce78- .
9 verbose lock . C:\Users\USER\AppData\Roaming\npm-cache\3a52ce78-.lock
10 verbose tar pack [ 'C:\\Users\\USER\\AppData\\Local\\Temp\\npm-9616-EJsa3FIC\\1399234314134-0.6103049709927291\\tmp.tgz',
10 verbose tar pack   '.' ]
11 verbose tarball C:\Users\USER\AppData\Local\Temp\npm-9616-EJsa3FIC\1399234314134-0.6103049709927291\tmp.tgz
12 verbose folder .
13 info prepublish steamtracks@0.0.1
14 silly lockFile 1f1177db-tar tar://.
15 verbose lock tar://. C:\Users\USER\AppData\Roaming\npm-cache\1f1177db-tar.lock
16 silly lockFile e6ce08ee-14134-0-6103049709927291-tmp-tgz tar://C:\Users\USER\AppData\Local\Temp\npm-9616-EJsa3FIC\1399234314134-0.6103049709927291\tmp.tgz
17 verbose lock tar://C:\Users\USER\AppData\Local\Temp\npm-9616-EJsa3FIC\1399234314134-0.6103049709927291\tmp.tgz C:\Users\USER\AppData\Roaming\npm-cache\e6ce08ee-14134-0-6103049709927291-tmp-tgz.lock
18 silly lockFile 1f1177db-tar tar://.
19 silly lockFile 1f1177db-tar tar://.
20 silly lockFile e6ce08ee-14134-0-6103049709927291-tmp-tgz tar://C:\Users\USER\AppData\Local\Temp\npm-9616-EJsa3FIC\1399234314134-0.6103049709927291\tmp.tgz
21 silly lockFile e6ce08ee-14134-0-6103049709927291-tmp-tgz tar://C:\Users\USER\AppData\Local\Temp\npm-9616-EJsa3FIC\1399234314134-0.6103049709927291\tmp.tgz
22 verbose tar unpack C:\Users\USER\AppData\Local\Temp\npm-9616-EJsa3FIC\1399234314134-0.6103049709927291\tmp.tgz
23 silly lockFile 11499937-14134-0-6103049709927291-package tar://C:\Users\USER\AppData\Local\Temp\npm-9616-EJsa3FIC\1399234314134-0.6103049709927291\package
24 verbose lock tar://C:\Users\USER\AppData\Local\Temp\npm-9616-EJsa3FIC\1399234314134-0.6103049709927291\package C:\Users\USER\AppData\Roaming\npm-cache\11499937-14134-0-6103049709927291-package.lock
25 silly lockFile e6ce08ee-14134-0-6103049709927291-tmp-tgz tar://C:\Users\USER\AppData\Local\Temp\npm-9616-EJsa3FIC\1399234314134-0.6103049709927291\tmp.tgz
26 verbose lock tar://C:\Users\USER\AppData\Local\Temp\npm-9616-EJsa3FIC\1399234314134-0.6103049709927291\tmp.tgz C:\Users\USER\AppData\Roaming\npm-cache\e6ce08ee-14134-0-6103049709927291-tmp-tgz.lock
27 silly gunzTarPerm modes [ '755', '644' ]
28 silly gunzTarPerm extractEntry package.json
29 silly gunzTarPerm modified mode [ 'package.json', 438, 420 ]
30 silly gunzTarPerm extractEntry .npmignore
31 silly gunzTarPerm modified mode [ '.npmignore', 438, 420 ]
32 silly gunzTarPerm extractEntry index.js
33 silly gunzTarPerm modified mode [ 'index.js', 438, 420 ]
34 silly gunzTarPerm extractEntry lib/steamtracks.js
35 silly gunzTarPerm modified mode [ 'lib/steamtracks.js', 438, 420 ]
36 silly gunzTarPerm extractEntry test/steamtracks.test.js
37 silly gunzTarPerm modified mode [ 'test/steamtracks.test.js', 438, 420 ]
38 silly lockFile 11499937-14134-0-6103049709927291-package tar://C:\Users\USER\AppData\Local\Temp\npm-9616-EJsa3FIC\1399234314134-0.6103049709927291\package
39 silly lockFile 11499937-14134-0-6103049709927291-package tar://C:\Users\USER\AppData\Local\Temp\npm-9616-EJsa3FIC\1399234314134-0.6103049709927291\package
40 silly lockFile e6ce08ee-14134-0-6103049709927291-tmp-tgz tar://C:\Users\USER\AppData\Local\Temp\npm-9616-EJsa3FIC\1399234314134-0.6103049709927291\tmp.tgz
41 silly lockFile e6ce08ee-14134-0-6103049709927291-tmp-tgz tar://C:\Users\USER\AppData\Local\Temp\npm-9616-EJsa3FIC\1399234314134-0.6103049709927291\tmp.tgz
42 verbose tar pack [ 'C:\\Users\\USER\\AppData\\Roaming\\npm-cache\\steamtracks\\0.0.1\\package.tgz',
42 verbose tar pack   'C:\\Users\\USER\\AppData\\Local\\Temp\\npm-9616-EJsa3FIC\\1399234314134-0.6103049709927291\\package' ]
43 verbose tarball C:\Users\USER\AppData\Roaming\npm-cache\steamtracks\0.0.1\package.tgz
44 verbose folder C:\Users\USER\AppData\Local\Temp\npm-9616-EJsa3FIC\1399234314134-0.6103049709927291\package
45 silly lockFile 11499937-14134-0-6103049709927291-package tar://C:\Users\USER\AppData\Local\Temp\npm-9616-EJsa3FIC\1399234314134-0.6103049709927291\package
46 verbose lock tar://C:\Users\USER\AppData\Local\Temp\npm-9616-EJsa3FIC\1399234314134-0.6103049709927291\package C:\Users\USER\AppData\Roaming\npm-cache\11499937-14134-0-6103049709927291-package.lock
47 silly lockFile 4e2749a8-he-steamtracks-0-0-1-package-tgz tar://C:\Users\USER\AppData\Roaming\npm-cache\steamtracks\0.0.1\package.tgz
48 verbose lock tar://C:\Users\USER\AppData\Roaming\npm-cache\steamtracks\0.0.1\package.tgz C:\Users\USER\AppData\Roaming\npm-cache\4e2749a8-he-steamtracks-0-0-1-package-tgz.lock
49 silly lockFile 11499937-14134-0-6103049709927291-package tar://C:\Users\USER\AppData\Local\Temp\npm-9616-EJsa3FIC\1399234314134-0.6103049709927291\package
50 silly lockFile 11499937-14134-0-6103049709927291-package tar://C:\Users\USER\AppData\Local\Temp\npm-9616-EJsa3FIC\1399234314134-0.6103049709927291\package
51 silly lockFile 4e2749a8-he-steamtracks-0-0-1-package-tgz tar://C:\Users\USER\AppData\Roaming\npm-cache\steamtracks\0.0.1\package.tgz
52 silly lockFile 4e2749a8-he-steamtracks-0-0-1-package-tgz tar://C:\Users\USER\AppData\Roaming\npm-cache\steamtracks\0.0.1\package.tgz
53 silly lockFile 3fa4ed77--cache-steamtracks-0-0-1-package C:\Users\USER\AppData\Roaming\npm-cache\steamtracks\0.0.1\package
54 verbose lock C:\Users\USER\AppData\Roaming\npm-cache\steamtracks\0.0.1\package C:\Users\USER\AppData\Roaming\npm-cache\3fa4ed77--cache-steamtracks-0-0-1-package.lock
55 silly lockFile 3fa4ed77--cache-steamtracks-0-0-1-package C:\Users\USER\AppData\Roaming\npm-cache\steamtracks\0.0.1\package
56 silly lockFile 3fa4ed77--cache-steamtracks-0-0-1-package C:\Users\USER\AppData\Roaming\npm-cache\steamtracks\0.0.1\package
57 verbose tar unpack C:\Users\USER\AppData\Roaming\npm-cache\steamtracks\0.0.1\package.tgz
58 silly lockFile 8e2ffc4c--cache-steamtracks-0-0-1-package tar://C:\Users\USER\AppData\Roaming\npm-cache\steamtracks\0.0.1\package
59 verbose lock tar://C:\Users\USER\AppData\Roaming\npm-cache\steamtracks\0.0.1\package C:\Users\USER\AppData\Roaming\npm-cache\8e2ffc4c--cache-steamtracks-0-0-1-package.lock
60 silly lockFile 4e2749a8-he-steamtracks-0-0-1-package-tgz tar://C:\Users\USER\AppData\Roaming\npm-cache\steamtracks\0.0.1\package.tgz
61 verbose lock tar://C:\Users\USER\AppData\Roaming\npm-cache\steamtracks\0.0.1\package.tgz C:\Users\USER\AppData\Roaming\npm-cache\4e2749a8-he-steamtracks-0-0-1-package-tgz.lock
62 silly gunzTarPerm modes [ '755', '644' ]
63 silly gunzTarPerm extractEntry package.json
64 silly gunzTarPerm modified mode [ 'package.json', 438, 420 ]
65 silly gunzTarPerm extractEntry .npmignore
66 silly gunzTarPerm modified mode [ '.npmignore', 438, 420 ]
67 silly gunzTarPerm extractEntry index.js
68 silly gunzTarPerm modified mode [ 'index.js', 438, 420 ]
69 silly gunzTarPerm extractEntry lib/steamtracks.js
70 silly gunzTarPerm modified mode [ 'lib/steamtracks.js', 438, 420 ]
71 silly gunzTarPerm extractEntry test/steamtracks.test.js
72 silly gunzTarPerm modified mode [ 'test/steamtracks.test.js', 438, 420 ]
73 silly lockFile 8e2ffc4c--cache-steamtracks-0-0-1-package tar://C:\Users\USER\AppData\Roaming\npm-cache\steamtracks\0.0.1\package
74 silly lockFile 8e2ffc4c--cache-steamtracks-0-0-1-package tar://C:\Users\USER\AppData\Roaming\npm-cache\steamtracks\0.0.1\package
75 silly lockFile 4e2749a8-he-steamtracks-0-0-1-package-tgz tar://C:\Users\USER\AppData\Roaming\npm-cache\steamtracks\0.0.1\package.tgz
76 silly lockFile 4e2749a8-he-steamtracks-0-0-1-package-tgz tar://C:\Users\USER\AppData\Roaming\npm-cache\steamtracks\0.0.1\package.tgz
77 verbose chmod C:\Users\USER\AppData\Roaming\npm-cache\steamtracks\0.0.1\package.tgz 644
78 silly chown skipping for windows C:\Users\USER\AppData\Roaming\npm-cache\steamtracks\0.0.1\package.tgz
79 silly lockFile 3a52ce78- .
80 silly lockFile 3a52ce78- .
81 silly publish { name: 'steamtracks',
81 silly publish   version: '0.0.1',
81 silly publish   main: './lib/steamtracks.js',
81 silly publish   engines: { node: '*' },
81 silly publish   dependencies: { superagent: '^0.17.0' },
81 silly publish   readme: 'ERROR: No README data found!',
81 silly publish   _id: 'steamtracks@0.0.1',
81 silly publish   dist: { shasum: 'e956876bd7783cb022e56b390bbbb5014020f75c' },
81 silly publish   _from: '.' }
82 verbose url raw steamtracks
83 verbose url resolving [ 'https://registry.npmjs.org/', './steamtracks' ]
84 verbose url resolved https://registry.npmjs.org/steamtracks
85 info trying registry request attempt 1 at 00:11:54
86 http PUT https://registry.npmjs.org/steamtracks
87 http 403 https://registry.npmjs.org/steamtracks
88 error publish Failed PUT 403
89 error Error: forbidden cannot modify pre-existing version: 0.0.1
89 error old={"name":"steamtracks","version":"0.0.1","main":"./lib/steamtracks.js","engines":{"node":"*"},"dependencies":{"superagent":"^0.17.0"},"_id":"steamtracks@0.0.1","dist":{"shasum":"37076410fbb355c6cbc94bae82320f9db9e85c96","tarball":"http://registry.npmjs.org/steamtracks/-/steamtracks-0.0.1.tgz"},"_from":".","_npmVersion":"1.4.3","_npmUser":{"name":"mike1808","email":"michael.manukyan@simplytech.co"},"maintainers":[{"name":"mike1808","email":"michael.manukyan@simplytech.co"}]}
89 error new={"name":"steamtracks","version":"0.0.1","main":"./lib/steamtracks.js","engines":{"node":"*"},"dependencies":{"superagent":"^0.17.0"},"readme":"ERROR: No README data found!","_id":"steamtracks@0.0.1","dist":{"shasum":"e956876bd7783cb022e56b390bbbb5014020f75c","tarball":"http://registry.npmjs.org/steamtracks/-/steamtracks-0.0.1.tgz"},"_from":".","_npmVersion":"1.4.3","_npmUser":{"name":"mike1808","email":"michael.manukyan@simplytech.co"},"maintainers":[{"name":"mike1808","email":"michael.manukyan@simplytech.co"}]}: steamtracks
89 error     at RegClient.<anonymous> (c:\Program Files\nodejs\node_modules\npm\node_modules\npm-registry-client\lib\request.js:237:14)
89 error     at Request.self.callback (c:\Program Files\nodejs\node_modules\npm\node_modules\request\request.js:123:22)
89 error     at Request.EventEmitter.emit (events.js:98:17)
89 error     at Request.<anonymous> (c:\Program Files\nodejs\node_modules\npm\node_modules\request\request.js:893:14)
89 error     at Request.EventEmitter.emit (events.js:117:20)
89 error     at IncomingMessage.<anonymous> (c:\Program Files\nodejs\node_modules\npm\node_modules\request\request.js:844:12)
89 error     at IncomingMessage.EventEmitter.emit (events.js:117:20)
89 error     at _stream_readable.js:920:16
89 error     at process._tickCallback (node.js:415:13)
90 error If you need help, you may report this *entire* log,
90 error including the npm and node versions, at:
90 error     <http://github.com/npm/npm/issues>
91 error System Windows_NT 6.1.7601
92 error command "c:\\Program Files\\nodejs\\node.exe" "c:\\Program Files\\nodejs\\node_modules\\npm\\bin\\npm-cli.js" "publish"
93 error cwd d:\projects\node-steamtracks
94 error node -v v0.10.26
95 error npm -v 1.4.3
96 verbose exit [ 1, true ]
